Dec 4, 2010 12:05:35 PM org.apache.catalina.core.AprLifecycleListener init
INFO: The APR based Apache Tomcat Native library which allows optimal performance in production environments was not found on the java.library.path: /usr/local/diablo-jdk1.5.0/jre/lib/i386/server:/usr/local/diablo-jdk1.5.0/jre/lib/i386:/usr/local/diablo-jdk1.5.0/jre/../lib/i386:/usr/lib:/usr/local/lib
Dec 4, 2010 12:05:36 PM org.apache.coyote.http11.Http11Protocol init
INFO: Initializing Coyote HTTP/1.1 on http-8180
Dec 4, 2010 12:05:36 PM org.apache.catalina.startup.Catalina load
INFO: Initialization processed in 691 ms
Dec 4, 2010 12:05:36 PM org.apache.catalina.core.StandardService start
INFO: Starting service Catalina
Dec 4, 2010 12:05:36 PM org.apache.catalina.core.StandardEngine start
INFO: Starting Servlet Engine: Apache Tomcat/6.0.18
Dec 4, 2010 12:05:36 PM org.apache.catalina.core.ApplicationContext log
INFO: ContextListener: contextInitialized()
Dec 4, 2010 12:05:36 PM org.apache.catalina.core.ApplicationContext log
INFO: SessionListener: contextInitialized()
Dec 4, 2010 12:05:37 PM org.apache.catalina.core.ApplicationContext log
INFO: Set web app root system property: 'jitavej-production-0.1' = [/usr/local/apache-tomcat6.0/webapps/jitavej/]
log4j:ERROR setFile(null,true) call failed.
java.io.FileNotFoundException: stacktrace.log (Permission denied)
	at java.io.FileOutputStream.openAppend(Native Method)
	at java.io.FileOutputStream.<init>(FileOutputStream.java:177)
	at java.io.FileOutputStream.<init>(FileOutputStream.java:102)
	at org.apache.log4j.FileAppender.setFile(FileAppender.java:290)
	at org.apache.log4j.FileAppender.activateOptions(FileAppender.java:164)
	at org.apache.log4j.config.PropertySetter.activate(PropertySetter.java:257)
	at org.apache.log4j.config.PropertySetter.setProperties(PropertySetter.java:133)
	at org.apache.log4j.config.PropertySetter.setProperties(PropertySetter.java:97)
	at org.apache.log4j.PropertyConfigurator.parseAppender(PropertyConfigurator.java:689)
	at org.apache.log4j.PropertyConfigurator.parseCategory(PropertyConfigurator.java:647)
	at org.apache.log4j.PropertyConfigurator.parseCatsAndRenderers(PropertyConfigurator.java:568)
	at org.apache.log4j.PropertyConfigurator.doConfigure(PropertyConfigurator.java:442)
	at org.apache.log4j.PropertyConfigurator.doConfigure(PropertyConfigurator.java:476)
	at org.apache.log4j.helpers.OptionConverter.selectAndConfigure(OptionConverter.java:471)
	at org.apache.log4j.LogManager.<clinit>(LogManager.java:125)
	at org.apache.log4j.Logger.getLogger(Logger.java:105)
	at org.apache.commons.logging.impl.Log4JLogger.getLogger(Log4JLogger.java:283)
	at org.apache.commons.logging.impl.Log4JLogger.<init>(Log4JLogger.java:108)
	at sun.reflect.NativeConstructorAccessorImpl.newInstance0(Native Method)
	at sun.reflect.NativeConstructorAccessorImpl.newInstance(NativeConstructorAccessorImpl.java:39)
	at sun.reflect.DelegatingConstructorAccessorImpl.newInstance(DelegatingConstructorAccessorImpl.java:27)
	at java.lang.reflect.Constructor.newInstance(Constructor.java:494)
	at org.apache.commons.logging.impl.LogFactoryImpl.createLogFromClass(LogFactoryImpl.java:1040)
	at org.apache.commons.logging.impl.LogFactoryImpl.discoverLogImplementation(LogFactoryImpl.java:838)
	at org.apache.commons.logging.impl.LogFactoryImpl.newInstance(LogFactoryImpl.java:601)
	at org.apache.commons.logging.impl.LogFactoryImpl.getInstance(LogFactoryImpl.java:333)
	at org.apache.commons.logging.impl.LogFactoryImpl.getInstance(LogFactoryImpl.java:307)
	at org.apache.commons.logging.LogFactory.getLog(LogFactory.java:645)
	at org.springframework.util.SystemPropertyUtils.<clinit>(SystemPropertyUtils.java:42)
	at org.springframework.web.util.Log4jWebConfigurer.initLogging(Log4jWebConfigurer.java:130)
	at org.springframework.web.util.Log4jConfigListener.contextInitialized(Log4jConfigListener.java:47)
	at org.apache.catalina.core.StandardContext.listenerStart(StandardContext.java:3843)
	at org.apache.catalina.core.StandardContext.start(StandardContext.java:4342)
	at org.apache.catalina.core.ContainerBase.addChildInternal(ContainerBase.java:791)
	at org.apache.catalina.core.ContainerBase.addChild(ContainerBase.java:771)
	at org.apache.catalina.core.StandardHost.addChild(StandardHost.java:525)
	at org.apache.catalina.startup.HostConfig.deployDirectory(HostConfig.java:926)
	at org.apache.catalina.startup.HostConfig.deployDirectories(HostConfig.java:889)
	at org.apache.catalina.startup.HostConfig.deployApps(HostConfig.java:492)
	at org.apache.catalina.startup.HostConfig.start(HostConfig.java:1149)
	at org.apache.catalina.startup.HostConfig.lifecycleEvent(HostConfig.java:311)
	at org.apache.catalina.util.LifecycleSupport.fireLifecycleEvent(LifecycleSupport.java:117)
	at org.apache.catalina.core.ContainerBase.start(ContainerBase.java:1053)
	at org.apache.catalina.core.StandardHost.start(StandardHost.java:719)
	at org.apache.catalina.core.ContainerBase.start(ContainerBase.java:1045)
	at org.apache.catalina.core.StandardEngine.start(StandardEngine.java:443)
	at org.apache.catalina.core.StandardService.start(StandardService.java:516)
	at org.apache.catalina.core.StandardServer.start(StandardServer.java:710)
	at org.apache.catalina.startup.Catalina.start(Catalina.java:578)
	at sun.reflect.NativeMethodAccessorImpl.invoke0(Native Method)
	at sun.reflect.NativeMethodAccessorImpl.invoke(NativeMethodAccessorImpl.java:39)
	at sun.reflect.DelegatingMethodAccessorImpl.invoke(DelegatingMethodAccessorImpl.java:25)
	at java.lang.reflect.Method.invoke(Method.java:585)
	at org.apache.catalina.startup.Bootstrap.start(Bootstrap.java:288)
	at org.apache.catalina.startup.Bootstrap.main(Bootstrap.java:413)
Dec 4, 2010 12:05:37 PM org.apache.catalina.core.ApplicationContext log
INFO: Initializing log4j from [/usr/local/apache-tomcat6.0/webapps/jitavej/WEB-INF/classes/log4j.properties]
log4j:ERROR setFile(null,true) call failed.
java.io.FileNotFoundException: stacktrace.log (Permission denied)
	at java.io.FileOutputStream.openAppend(Native Method)
	at java.io.FileOutputStream.<init>(FileOutputStream.java:177)
	at java.io.FileOutputStream.<init>(FileOutputStream.java:102)
	at org.apache.log4j.FileAppender.setFile(FileAppender.java:290)
	at org.apache.log4j.FileAppender.activateOptions(FileAppender.java:164)
	at org.apache.log4j.config.PropertySetter.activate(PropertySetter.java:257)
	at org.apache.log4j.config.PropertySetter.setProperties(PropertySetter.java:133)
	at org.apache.log4j.config.PropertySetter.setProperties(PropertySetter.java:97)
	at org.apache.log4j.PropertyConfigurator.parseAppender(PropertyConfigurator.java:689)
	at org.apache.log4j.PropertyConfigurator.parseCategory(PropertyConfigurator.java:647)
	at org.apache.log4j.PropertyConfigurator.parseCatsAndRenderers(PropertyConfigurator.java:568)
	at org.apache.log4j.PropertyConfigurator.doConfigure(PropertyConfigurator.java:442)
	at org.apache.log4j.PropertyConfigurator.doConfigure(PropertyConfigurator.java:476)
	at org.apache.log4j.PropertyConfigurator.configure(PropertyConfigurator.java:354)
	at org.springframework.util.Log4jConfigurer.initLogging(Log4jConfigurer.java:73)
	at org.springframework.web.util.Log4jWebConfigurer.initLogging(Log4jWebConfigurer.java:152)
	at org.springframework.web.util.Log4jConfigListener.contextInitialized(Log4jConfigListener.java:47)
	at org.apache.catalina.core.StandardContext.listenerStart(StandardContext.java:3843)
	at org.apache.catalina.core.StandardContext.start(StandardContext.java:4342)
	at org.apache.catalina.core.ContainerBase.addChildInternal(ContainerBase.java:791)
	at org.apache.catalina.core.ContainerBase.addChild(ContainerBase.java:771)
	at org.apache.catalina.core.StandardHost.addChild(StandardHost.java:525)
	at org.apache.catalina.startup.HostConfig.deployDirectory(HostConfig.java:926)
	at org.apache.catalina.startup.HostConfig.deployDirectories(HostConfig.java:889)
	at org.apache.catalina.startup.HostConfig.deployApps(HostConfig.java:492)
	at org.apache.catalina.startup.HostConfig.start(HostConfig.java:1149)
	at org.apache.catalina.startup.HostConfig.lifecycleEvent(HostConfig.java:311)
	at org.apache.catalina.util.LifecycleSupport.fireLifecycleEvent(LifecycleSupport.java:117)
	at org.apache.catalina.core.ContainerBase.start(ContainerBase.java:1053)
	at org.apache.catalina.core.StandardHost.start(StandardHost.java:719)
	at org.apache.catalina.core.ContainerBase.start(ContainerBase.java:1045)
	at org.apache.catalina.core.StandardEngine.start(StandardEngine.java:443)
	at org.apache.catalina.core.StandardService.start(StandardService.java:516)
	at org.apache.catalina.core.StandardServer.start(StandardServer.java:710)
	at org.apache.catalina.startup.Catalina.start(Catalina.java:578)
	at sun.reflect.NativeMethodAccessorImpl.invoke0(Native Method)
	at sun.reflect.NativeMethodAccessorImpl.invoke(NativeMethodAccessorImpl.java:39)
	at sun.reflect.DelegatingMethodAccessorImpl.invoke(DelegatingMethodAccessorImpl.java:25)
	at java.lang.reflect.Method.invoke(Method.java:585)
	at org.apache.catalina.startup.Bootstrap.start(Bootstrap.java:288)
	at org.apache.catalina.startup.Bootstrap.main(Bootstrap.java:413)
Dec 4, 2010 12:05:37 PM org.apache.catalina.core.ApplicationContext log
INFO: Initializing Spring root WebApplicationContext
[0] spring.GrailsWebApplicationContext Refreshing org.codehaus.groovy.grails.commons.spring.GrailsWebApplicationContext@188d92e: display name [org.codehaus.groovy.grails.commons.spring.GrailsWebApplicationContext@188d92e]; startup date [Sat Dec 04 12:05:44 GMT 2010]; parent: org.springframework.web.context.support.XmlWebApplicationContext@19a0203
[0] spring.GrailsWebApplicationContext Bean factory for application context [org.codehaus.groovy.grails.commons.spring.GrailsWebApplicationContext@188d92e]: org.springframework.beans.factory.support.DefaultListableBeanFactory@13e2b4a
Dec 4, 2010 12:05:51 PM org.apache.catalina.core.ApplicationContext log
INFO: Initializing Spring FrameworkServlet 'grails'
Dec 4, 2010 12:05:51 PM org.apache.coyote.http11.Http11Protocol start
INFO: Starting Coyote HTTP/1.1 on http-8180
Dec 4, 2010 12:05:51 PM org.apache.jk.common.ChannelSocket init
INFO: JK: ajp13 listening on /0.0.0.0:8009
Dec 4, 2010 12:05:51 PM org.apache.jk.server.JkMain start
INFO: Jk running ID=0 time=0/24  config=null
Dec 4, 2010 12:05:51 PM org.apache.catalina.startup.Catalina start
INFO: Server startup in 15501 ms
frontmed
frontmed
session.component = Component : 12
session.station = Station : 12
list.size() 10
session.component = Component : 12
session.station = Station : 12
list.size() 10
session.component = Component : 12
session.station = Station : 12
list.size() 10
session.component = Component : 12
session.station = Station : 12
list.size() 10
frontmed
frontmed
session.component = Component : 12
session.station = Station : 12
list.size() 10
session.component = Component : 12
session.station = Station : 12
list.size() 10
session.component = Component : 12
session.station = Station : 12
list.size() 10
